<?xml version="1.0" encoding="UTF-8"?>
<testsuites name="TS_Login" time="12.933" tests="1" failures="0" errors="0">
   <testsuite name="TS_Login" tests="1" failures="0" errors="0" time="12.933" skipped="0" timestamp="28-04-2024T10:46:23" hostname="WINDOWS11 - Mohan" id="Test Suites/PetStore/TS_Login">
      <properties>
         <property name="deviceName" value=""/>
         <property name="devicePlatform" value=""/>
         <property name="logFolder" value="C:\\Users\\WINDOWS11\\git\\myweekendbatch_Repo\\katalonpractice2024\\Reports\\20240428_104613\\PetStore\\TS_Login\\20240428_104619"/>
         <property name="logFiles" value="C:\\Users\\WINDOWS11\\git\\myweekendbatch_Repo\\katalonpractice2024\\Reports\\20240428_104613\\PetStore\\TS_Login\\20240428_104619\\execution0.log"/>
         <property name="attachments" value=""/>
         <property name="hostName" value="WINDOWS11 - Mohan"/>
         <property name="os" value="Windows 11 64bit"/>
         <property name="katalonVersion" value="9.4.0.212"/>
         <property name="browser" value="Chrome 124.0.0.0"/>
         <property name="hostAddress" value="192.168.1.3"/>
         <property name="sessionId" value="addacbfee98ea3866f0519b5b3a1fc8a"/>
         <property name="seleniumVersion" value="3.141.59"/>
         <property name="proxyInformation" value="ProxyInformation { proxyOption=NO_PROXY, proxyServerType=HTTP, username=, password=********, proxyServerAddress=, proxyServerPort=0, executionList=&quot;&quot;, isApplyToDesiredCapabilities=true }"/>
         <property name="platform" value="Windows 11"/>
      </properties>
      <testcase name="Test Cases/PetStore/Login" time="12.51" classname="Test Cases/PetStore/Login" status="PASSED">
         <system-out><![CDATA[28-04-2024T10:46:23 - [TEST_CASE][PASSED] - Test Cases/PetStore/Login: Test Cases/PetStore/Login

28-04-2024T10:46:24 - [TEST_STEP][PASSED] - openBrowser(""): Browser is opened with url: ''

28-04-2024T10:46:24 - [MESSAGE][INFO] - Starting 'Chrome' driver

28-04-2024T10:46:24 - [MESSAGE][INFO] - Action delay is set to 0 milliseconds

28-04-2024T10:46:28 - [MESSAGE][PASSED] - Browser is opened with url: ''

28-04-2024T10:46:28 - [TEST_STEP][PASSED] - navigateToUrl("https://petstore.octoperf.com/"): Navigate to 'https://petstore.octoperf.com/' successfully

28-04-2024T10:46:29 - [MESSAGE][PASSED] - Navigate to 'https://petstore.octoperf.com/' successfully

28-04-2024T10:46:29 - [TEST_STEP][PASSED] - verifyElementPresent(findTestObject("Object Repository/PetStoreLogin/Page_JPetStore Demo/a_Enter the Store"), 0): Object 'Object Repository/PetStoreLogin/Page_JPetStore Demo/a_Enter the Store' is present

28-04-2024T10:46:29 - [MESSAGE][WARNING] - Timeout '0' is invalid. Using default page load timeout: '30'

28-04-2024T10:46:30 - [MESSAGE][PASSED] - Object 'Object Repository/PetStoreLogin/Page_JPetStore Demo/a_Enter the Store' is present

28-04-2024T10:46:30 - [TEST_STEP][PASSED] - click(findTestObject("Object Repository/PetStoreLogin/Page_JPetStore Demo/a_Enter the Store")): Object: 'Object Repository/PetStoreLogin/Page_JPetStore Demo/a_Enter the Store' is clicked on

28-04-2024T10:46:31 - [MESSAGE][PASSED] - Object: 'Object Repository/PetStoreLogin/Page_JPetStore Demo/a_Enter the Store' is clicked on

28-04-2024T10:46:31 - [TEST_STEP][PASSED] - click(findTestObject("Object Repository/PetStoreLogin/Page_JPetStore Demo/a_Sign In")): Object: 'Object Repository/PetStoreLogin/Page_JPetStore Demo/a_Sign In' is clicked on

28-04-2024T10:46:31 - [MESSAGE][PASSED] - Object: 'Object Repository/PetStoreLogin/Page_JPetStore Demo/a_Sign In' is clicked on

28-04-2024T10:46:31 - [TEST_STEP][PASSED] - setText(findTestObject("Object Repository/PetStoreLogin/Page_JPetStore Demo/input_Need a user name and password_username"), "mohan1"): Text 'mohan1' is set on object 'Object Repository/PetStoreLogin/Page_JPetStore Demo/input_Need a user name and password_username'

28-04-2024T10:46:32 - [MESSAGE][PASSED] - Text 'mohan1' is set on object 'Object Repository/PetStoreLogin/Page_JPetStore Demo/input_Need a user name and password_username'

28-04-2024T10:46:32 - [TEST_STEP][PASSED] - setEncryptedText(findTestObject("Object Repository/PetStoreLogin/Page_JPetStore Demo/input_Need a user name and password_password"), "qPDWtMYEx+8="): Text ****** has been set on object 'Object Repository/PetStoreLogin/Page_JPetStore Demo/input_Need a user name and password_password'

28-04-2024T10:46:33 - [MESSAGE][PASSED] - Text ****** has been set on object 'Object Repository/PetStoreLogin/Page_JPetStore Demo/input_Need a user name and password_password'

28-04-2024T10:46:33 - [TEST_STEP][PASSED] - click(findTestObject("Object Repository/PetStoreLogin/Page_JPetStore Demo/p_UsernamesetTimeout(function()tryvar zdocu_78db45")): Object: 'Object Repository/PetStoreLogin/Page_JPetStore Demo/p_UsernamesetTimeout(function()tryvar zdocu_78db45' is clicked on

28-04-2024T10:46:33 - [MESSAGE][PASSED] - Object: 'Object Repository/PetStoreLogin/Page_JPetStore Demo/p_UsernamesetTimeout(function()tryvar zdocu_78db45' is clicked on

28-04-2024T10:46:33 - [TEST_STEP][PASSED] - setEncryptedText(findTestObject("Object Repository/PetStoreLogin/Page_JPetStore Demo/input_Need a user name and password_password"), "NXt0rM6HQe0="): Text ****** has been set on object 'Object Repository/PetStoreLogin/Page_JPetStore Demo/input_Need a user name and password_password'

28-04-2024T10:46:34 - [MESSAGE][PASSED] - Text ****** has been set on object 'Object Repository/PetStoreLogin/Page_JPetStore Demo/input_Need a user name and password_password'

28-04-2024T10:46:34 - [TEST_STEP][PASSED] - click(findTestObject("Object Repository/PetStoreLogin/Page_JPetStore Demo/input_Need a user name and password_signon")): Object: 'Object Repository/PetStoreLogin/Page_JPetStore Demo/input_Need a user name and password_signon' is clicked on

28-04-2024T10:46:34 - [MESSAGE][PASSED] - Object: 'Object Repository/PetStoreLogin/Page_JPetStore Demo/input_Need a user name and password_signon' is clicked on

28-04-2024T10:46:34 - [TEST_STEP][PASSED] - click(findTestObject("Object Repository/PetStoreLogin/Page_JPetStore Demo/a_Sign Out")): Object: 'Object Repository/PetStoreLogin/Page_JPetStore Demo/a_Sign Out' is clicked on

28-04-2024T10:46:35 - [MESSAGE][PASSED] - Object: 'Object Repository/PetStoreLogin/Page_JPetStore Demo/a_Sign Out' is clicked on

28-04-2024T10:46:35 - [TEST_STEP][PASSED] - closeBrowser(): Browser is closed

28-04-2024T10:46:36 - [MESSAGE][PASSED] - Browser is closed]]></system-out>
         <system-err><![CDATA[]]></system-err>
      </testcase>
      <system-out><![CDATA[28-04-2024T10:46:23 - [TEST_SUITE][PASSED] - TS_Login: Test Cases/PetStore/Login]]></system-out>
      <system-err><![CDATA[]]></system-err>
   </testsuite>
</testsuites>
