<?xml version="1.0" encoding="UTF-8"?>
<testsuites name="TS_VisualTesting" time="6.46" tests="1" failures="0" errors="0">
   <testsuite name="TS_VisualTesting" tests="1" failures="0" errors="0" time="6.46" skipped="0" timestamp="28-04-2024T11:54:55" hostname="WINDOWS11 - Mohan" id="Test Suites/PetStore/TS_VisualTesting">
      <properties>
         <property name="deviceName" value=""/>
         <property name="devicePlatform" value=""/>
         <property name="logFolder" value="C:\\Users\\WINDOWS11\\git\\myweekendbatch_Repo\\katalonpractice2024\\Reports\\20240428_115450\\PetStore\\TS_VisualTesting\\20240428_115450"/>
         <property name="logFiles" value="C:\\Users\\WINDOWS11\\git\\myweekendbatch_Repo\\katalonpractice2024\\Reports\\20240428_115450\\PetStore\\TS_VisualTesting\\20240428_115450\\execution0.log"/>
         <property name="attachments" value="keyes\keyes-mypic.png"/>
         <property name="hostName" value="WINDOWS11 - Mohan"/>
         <property name="os" value="Windows 11 64bit"/>
         <property name="katalonVersion" value="9.4.0.212"/>
         <property name="browser" value="Chrome 124.0.0.0"/>
         <property name="hostAddress" value="192.168.1.3"/>
         <property name="sessionId" value="4184eb1a1fc0ec5f714de57fd08c6d80"/>
         <property name="seleniumVersion" value="3.141.59"/>
         <property name="proxyInformation" value="ProxyInformation { proxyOption=NO_PROXY, proxyServerType=HTTP, username=, password=********, proxyServerAddress=, proxyServerPort=0, executionList=&quot;&quot;, isApplyToDesiredCapabilities=true }"/>
         <property name="platform" value="Windows 11"/>
      </properties>
      <testcase name="Test Cases/PetStore/ProductNavigation_TC" time="6.232" classname="Test Cases/PetStore/ProductNavigation_TC" status="PASSED">
         <system-out><![CDATA[28-04-2024T11:54:55 - [TEST_CASE][PASSED] - Test Cases/PetStore/ProductNavigation_TC: Test Cases/PetStore/ProductNavigation_TC

28-04-2024T11:54:55 - [TEST_STEP][PASSED] - openBrowser(""): Browser is opened with url: ''

28-04-2024T11:54:55 - [MESSAGE][INFO] - Starting 'Chrome' driver

28-04-2024T11:54:55 - [MESSAGE][INFO] - Action delay is set to 0 milliseconds

28-04-2024T11:54:57 - [MESSAGE][PASSED] - Browser is opened with url: ''

28-04-2024T11:54:57 - [TEST_STEP][PASSED] - navigateToUrl("https://petstore.octoperf.com/"): Navigate to 'https://petstore.octoperf.com/' successfully

28-04-2024T11:54:58 - [MESSAGE][PASSED] - Navigate to 'https://petstore.octoperf.com/' successfully

28-04-2024T11:54:58 - [TEST_STEP][PASSED] - click(findTestObject("Object Repository/VisualTestingCheckPoint/Page_JPetStore Demo/a_Enter the Store")): Object: 'Object Repository/VisualTestingCheckPoint/Page_JPetStore Demo/a_Enter the Store' is clicked on

28-04-2024T11:54:59 - [MESSAGE][PASSED] - Object: 'Object Repository/VisualTestingCheckPoint/Page_JPetStore Demo/a_Enter the Store' is clicked on

28-04-2024T11:54:59 - [TEST_STEP][PASSED] - takeScreenshotAsCheckpoint("mypic"): Taking screenshot successfully

28-04-2024T11:55:00 - [MESSAGE][INFO] - 0 hidden object(s)

28-04-2024T11:55:00 - [MESSAGE][PASSED] - Taking screenshot successfully
[[ATTACHMENT|keyes\keyes-mypic.png]]

28-04-2024T11:55:00 - [TEST_STEP][PASSED] - click(findTestObject("Object Repository/VisualTestingCheckPoint/Page_JPetStore Demo/a_Sign In")): Object: 'Object Repository/VisualTestingCheckPoint/Page_JPetStore Demo/a_Sign In' is clicked on

28-04-2024T11:55:01 - [MESSAGE][PASSED] - Object: 'Object Repository/VisualTestingCheckPoint/Page_JPetStore Demo/a_Sign In' is clicked on

28-04-2024T11:55:01 - [TEST_STEP][PASSED] - closeBrowser(): Browser is closed

28-04-2024T11:55:01 - [MESSAGE][PASSED] - Browser is closed]]></system-out>
         <system-err><![CDATA[]]></system-err>
      </testcase>
      <system-out><![CDATA[28-04-2024T11:54:55 - [TEST_SUITE][PASSED] - TS_VisualTesting: Test Cases/PetStore/ProductNavigation_TC]]></system-out>
      <system-err><![CDATA[]]></system-err>
   </testsuite>
</testsuites>
